[2025-10-12 19:00:05] User:students Action:student_updated Data:"1" IP:::1
[2025-10-12 19:00:32] User:students Action:student_updated Data:"1" IP:::1
[2025-10-12 19:03:00] User:students Action:student_deleted Data:"1" IP:::1
[2025-10-12 19:03:07] User:students Action:students_imported Data:null IP:::1
[2025-10-12 19:05:06] User:students Action:students_imported Data:null IP:::1
[2025-10-12 19:08:38] User:students Action:students_imported Data:null IP:::1
[2025-10-12 21:03:56] User:students Action:all_students_deleted Data:null IP:::1
[2025-10-12 21:04:11] User:students Action:students_imported Data:null IP:::1
[2025-10-12 21:13:42] User:students Action:all_students_deleted Data:null IP:::1
[2025-10-12 21:13:58] User:students Action:students_imported Data:null IP:::1
[2025-10-12 22:20:08] User:roles Action:role_permissions_updated Data:"1" IP:::1
[2025-10-12 22:20:32] User:roles Action:role_permissions_updated Data:"2" IP:::1
[2025-10-12 22:22:21] User:roles Action:role_permissions_updated Data:"1" IP:::1
[2025-10-12 22:22:32] User:roles Action:role_permissions_updated Data:"2" IP:::1
[2025-10-12 22:24:44] User:roles Action:role_permissions_updated Data:"2" IP:::1
[2025-10-12 22:25:41] User:roles Action:role_permissions_updated Data:"3" IP:::1
[2025-10-12 22:26:19] User:roles Action:role_permissions_updated Data:"4" IP:::1
[2025-10-12 22:26:50] User:roles Action:role_permissions_updated Data:"5" IP:::1
[2025-10-12 22:55:19] User:users Action:user_created Data:"2" IP:::1
[2025-10-12 22:56:37] User:roles Action:role_permissions_updated Data:"2" IP:::1
[2025-10-12 22:56:46] User:roles Action:role_permissions_updated Data:"2" IP:::1
[2025-10-12 23:07:41] User:users Action:user_created Data:"3" IP:::1
[2025-10-12 23:11:10] User:roles Action:role_permissions_updated Data:"3" IP:::1
[2025-10-12 23:14:01] User:users Action:user_updated Data:"3" IP:::1
[2025-10-12 23:14:09] User:users Action:user_updated Data:"3" IP:::1
[2025-10-12 23:16:05] User:users Action:user_updated Data:"3" IP:::1
[2025-10-12 23:18:18] User:roles Action:role_permissions_updated Data:"3" IP:::1
[2025-10-12 23:20:08] User:roles Action:role_permissions_updated Data:"3" IP:::1
[2025-10-12 23:20:20] User:roles Action:role_permissions_updated Data:"3" IP:::1
[2025-10-12 23:20:41] User:students Action:student_deleted Data:"1559" IP:::1
[2025-10-12 23:20:44] User:students Action:student_deleted Data:"1655" IP:::1
[2025-10-12 23:24:34] User:roles Action:role_permissions_updated Data:"3" IP:::1
[2025-10-12 23:24:52] User:students Action:student_deleted Data:"1466" IP:::1
[2025-10-12 23:24:56] User:students Action:student_deleted Data:"1554" IP:::1
[2025-10-12 23:25:08] User:students Action:student_deleted Data:"1977" IP:::1
[2025-10-12 23:25:29] User:roles Action:role_permissions_updated Data:"3" IP:::1
[2025-10-12 23:25:51] User:students Action:student_deleted Data:"1504" IP:::1
[2025-10-12 23:28:49] User:users Action:user_updated Data:"2" IP:::1
[2025-10-12 23:28:59] User:roles Action:role_permissions_updated Data:"3" IP:::1
[2025-10-12 23:29:36] User:students Action:student_deleted Data:"1756" IP:::1
[2025-10-12 23:29:48] User:students Action:student_deleted Data:"1613" IP:::1
[2025-10-12 23:30:54] User:users Action:user_updated Data:"1" IP:::1
[2025-10-14 22:07:29] User:users Action:user_updated Data:"1" IP:::1
[2025-10-15 22:17:38] User:roles Action:role_permissions_updated Data:"1" IP:::1
[2025-10-15 22:21:11] User:roles Action:role_permissions_updated Data:"1" IP:::1
[2025-10-15 22:32:20] User:roles Action:role_permissions_updated Data:"1" IP:::1
[2025-10-15 22:32:32] User:roles Action:role_permissions_updated Data:"2" IP:::1
[2025-10-15 22:32:46] User:roles Action:role_permissions_updated Data:"2" IP:::1
[2025-10-15 22:32:59] User:roles Action:role_permissions_updated Data:"2" IP:::1
[2025-10-15 22:36:37] User:roles Action:role_permissions_updated Data:"2" IP:::1
[2025-10-15 22:36:45] User:roles Action:role_permissions_updated Data:"2" IP:::1
[2025-10-15 22:36:54] User:roles Action:role_permissions_updated Data:"2" IP:::1
[2025-10-15 22:37:05] User:roles Action:role_permissions_updated Data:"2" IP:::1
[2025-10-15 22:38:07] User:roles Action:role_permissions_updated Data:"2" IP:::1
[2025-10-15 22:39:03] User:roles Action:role_permissions_updated Data:"2" IP:::1
[2025-10-15 22:40:09] User:roles Action:role_permissions_updated Data:"4" IP:::1
[2025-10-15 22:40:29] User:roles Action:role_permissions_updated Data:"5" IP:::1
