[11-Oct-2025 08:11:52 Europe/Istanbul] PHP Fatal error:  Uncaught Error: Class "Database" not found in /home/vildacgg/vldn.in/portalv2/public/index.php:52
Stack trace:
#0 {main}
  thrown in /home/vildacgg/vldn.in/portalv2/public/index.php on line 52
[11-Oct-2025 08:12:41 Europe/Istanbul] PHP Fatal error:  Uncaught Error: Class "Database" not found in /home/vildacgg/vldn.in/portalv2/public/index.php:52
Stack trace:
#0 {main}
  thrown in /home/vildacgg/vldn.in/portalv2/public/index.php on line 52
[11-Oct-2025 08:13:01 Europe/Istanbul] PHP Fatal error:  Uncaught Error: Class "Database" not found in /home/vildacgg/vldn.in/portalv2/public/index.php:52
Stack trace:
#0 {main}
  thrown in /home/vildacgg/vldn.in/portalv2/public/index.php on line 52
[11-Oct-2025 05:42:17 UTC] PHP Fatal error:  Cannot redeclare isLoggedIn() (previously declared in /home/vildacgg/vldn.in/portalv2/app/helpers/functions.php:155) in /home/vildacgg/vldn.in/portalv2/app/helpers/session.php on line 365
[11-Oct-2025 05:48:43 UTC] PHP Warning:  Constant ROOT_PATH already defined in /home/vildacgg/vldn.in/portalv2/config/constants.php on line 8
[11-Oct-2025 05:48:43 UTC] PHP Warning:  Constant PUBLIC_PATH already defined in /home/vildacgg/vldn.in/portalv2/config/constants.php on line 12
[11-Oct-2025 05:48:43 UTC] PHP Fatal error:  Cannot redeclare isLoggedIn() (previously declared in /home/vildacgg/vldn.in/portalv2/app/helpers/functions.php:155) in /home/vildacgg/vldn.in/portalv2/app/helpers/session.php on line 365
[11-Oct-2025 05:51:39 UTC] PHP Warning:  Constant ROOT_PATH already defined in /home/vildacgg/vldn.in/portalv2/config/constants.php on line 8
[11-Oct-2025 05:51:39 UTC] PHP Warning:  Constant PUBLIC_PATH already defined in /home/vildacgg/vldn.in/portalv2/config/constants.php on line 12
[11-Oct-2025 05:51:39 UTC] PHP Fatal error:  Cannot redeclare isLoggedIn() (previously declared in /home/vildacgg/vldn.in/portalv2/app/helpers/functions.php:155) in /home/vildacgg/vldn.in/portalv2/app/helpers/session.php on line 365
[11-Oct-2025 05:52:09 UTC] PHP Warning:  Constant ROOT_PATH already defined in /home/vildacgg/vldn.in/portalv2/config/constants.php on line 8
[11-Oct-2025 05:52:09 UTC] PHP Warning:  Constant PUBLIC_PATH already defined in /home/vildacgg/vldn.in/portalv2/config/constants.php on line 12
[11-Oct-2025 05:52:10 UTC] PHP Fatal error:  Cannot redeclare isLoggedIn() (previously declared in /home/vildacgg/vldn.in/portalv2/app/helpers/functions.php:155) in /home/vildacgg/vldn.in/portalv2/app/helpers/session.php on line 365
[11-Oct-2025 08:10:55 UTC] PHP Fatal error:  Cannot redeclare jsonResponse() (previously declared in /home/vildacgg/vldn.in/portalv2/app/helpers/functions.php:185) in /home/vildacgg/vldn.in/portalv2/app/helpers/response.php on line 32
[11-Oct-2025 08:11:16 UTC] PHP Fatal error:  Cannot redeclare jsonResponse() (previously declared in /home/vildacgg/vldn.in/portalv2/app/helpers/functions.php:185) in /home/vildacgg/vldn.in/portalv2/app/helpers/response.php on line 32
[11-Oct-2025 08:12:29 UTC] PHP Fatal error:  Cannot redeclare jsonResponse() (previously declared in /home/vildacgg/vldn.in/portalv2/app/helpers/functions.php:185) in /home/vildacgg/vldn.in/portalv2/app/helpers/response.php on line 32
[11-Oct-2025 08:13:53 UTC] PHP Warning:  require(/home/vildacgg/vldn.in/portalv2/vendor/composer/../../app/helpers/response.php): Failed to open stream: No such file or directory in /home/vildacgg/vldn.in/portalv2/vendor/composer/autoload_real.php on line 41
[11-Oct-2025 08:13:53 UTC] PHP Warning:  require(/home/vildacgg/vldn.in/portalv2/vendor/composer/../../app/helpers/response.php): Failed to open stream: No such file or directory in /home/vildacgg/vldn.in/portalv2/vendor/composer/autoload_real.php on line 41
[11-Oct-2025 08:13:53 UTC] PHP Fatal error:  Uncaught Error: Failed opening required '/home/vildacgg/vldn.in/portalv2/vendor/composer/../../app/helpers/response.php' (include_path='.:/opt/alt/php82/usr/share/pear:/opt/alt/php82/usr/share/php:/usr/share/pear:/usr/share/php') in /home/vildacgg/vldn.in/portalv2/vendor/composer/autoload_real.php:41
Stack trace:
#0 /home/vildacgg/vldn.in/portalv2/vendor/composer/autoload_real.php(45): {closure}()
#1 /home/vildacgg/vldn.in/portalv2/vendor/autoload.php(22): ComposerAutoloaderInit3f9b1b6b45d475c05b2ad75ffe223704::getLoader()
#2 /home/vildacgg/vldn.in/portalv2/public/index.php(39): require_once('/home/vildacgg/...')
#3 {main}
  thrown in /home/vildacgg/vldn.in/portalv2/vendor/composer/autoload_real.php on line 41
[11-Oct-2025 08:14:28 UTC] PHP Warning:  require(/home/vildacgg/vldn.in/portalv2/vendor/composer/../../app/helpers/response.php): Failed to open stream: No such file or directory in /home/vildacgg/vldn.in/portalv2/vendor/composer/autoload_real.php on line 41
[11-Oct-2025 08:14:28 UTC] PHP Warning:  require(/home/vildacgg/vldn.in/portalv2/vendor/composer/../../app/helpers/response.php): Failed to open stream: No such file or directory in /home/vildacgg/vldn.in/portalv2/vendor/composer/autoload_real.php on line 41
[11-Oct-2025 08:14:28 UTC] PHP Fatal error:  Uncaught Error: Failed opening required '/home/vildacgg/vldn.in/portalv2/vendor/composer/../../app/helpers/response.php' (include_path='.:/opt/alt/php82/usr/share/pear:/opt/alt/php82/usr/share/php:/usr/share/pear:/usr/share/php') in /home/vildacgg/vldn.in/portalv2/vendor/composer/autoload_real.php:41
Stack trace:
#0 /home/vildacgg/vldn.in/portalv2/vendor/composer/autoload_real.php(45): {closure}()
#1 /home/vildacgg/vldn.in/portalv2/vendor/autoload.php(22): ComposerAutoloaderInit3f9b1b6b45d475c05b2ad75ffe223704::getLoader()
#2 /home/vildacgg/vldn.in/portalv2/public/index.php(39): require_once('/home/vildacgg/...')
#3 {main}
  thrown in /home/vildacgg/vldn.in/portalv2/vendor/composer/autoload_real.php on line 41
[11-Oct-2025 08:14:29 UTC] PHP Warning:  require(/home/vildacgg/vldn.in/portalv2/vendor/composer/../../app/helpers/response.php): Failed to open stream: No such file or directory in /home/vildacgg/vldn.in/portalv2/vendor/composer/autoload_real.php on line 41
[11-Oct-2025 08:14:29 UTC] PHP Warning:  require(/home/vildacgg/vldn.in/portalv2/vendor/composer/../../app/helpers/response.php): Failed to open stream: No such file or directory in /home/vildacgg/vldn.in/portalv2/vendor/composer/autoload_real.php on line 41
[11-Oct-2025 08:14:29 UTC] PHP Fatal error:  Uncaught Error: Failed opening required '/home/vildacgg/vldn.in/portalv2/vendor/composer/../../app/helpers/response.php' (include_path='.:/opt/alt/php82/usr/share/pear:/opt/alt/php82/usr/share/php:/usr/share/pear:/usr/share/php') in /home/vildacgg/vldn.in/portalv2/vendor/composer/autoload_real.php:41
Stack trace:
#0 /home/vildacgg/vldn.in/portalv2/vendor/composer/autoload_real.php(45): {closure}()
#1 /home/vildacgg/vldn.in/portalv2/vendor/autoload.php(22): ComposerAutoloaderInit3f9b1b6b45d475c05b2ad75ffe223704::getLoader()
#2 /home/vildacgg/vldn.in/portalv2/public/index.php(39): require_once('/home/vildacgg/...')
#3 {main}
  thrown in /home/vildacgg/vldn.in/portalv2/vendor/composer/autoload_real.php on line 41
[11-Oct-2025 08:47:02 UTC] PHP Parse error:  Unclosed '{' on line 370 in /home/vildacgg/vldn.in/portalv2/app/helpers/response.php on line 374
[11-Oct-2025 08:47:37 UTC] PHP Fatal error:  Cannot redeclare redirect() (previously declared in /home/vildacgg/vldn.in/portalv2/app/helpers/functions.php:164) in /home/vildacgg/vldn.in/portalv2/app/helpers/response.php on line 181
[11-Oct-2025 11:49:07 Europe/Istanbul] PHP Fatal error:  Uncaught Error: Class "Database" not found in /home/vildacgg/vldn.in/portalv2/public/index.php:86
Stack trace:
#0 {main}
  thrown in /home/vildacgg/vldn.in/portalv2/public/index.php on line 86
[11-Oct-2025 11:49:08 Europe/Istanbul] PHP Fatal error:  Uncaught Error: Class "Database" not found in /home/vildacgg/vldn.in/portalv2/public/index.php:86
Stack trace:
#0 {main}
  thrown in /home/vildacgg/vldn.in/portalv2/public/index.php on line 86
[11-Oct-2025 16:27:05 UTC] PHP Fatal error:  Cannot redeclare jsonResponse() (previously declared in /home/vildacgg/vldn.in/portalv2/app/helpers/functions.php:185) in /home/vildacgg/vldn.in/portalv2/app/helpers/response.php on line 32
[11-Oct-2025 16:27:32 UTC] PHP Fatal error:  Cannot redeclare jsonResponse() (previously declared in /home/vildacgg/vldn.in/portalv2/app/helpers/functions.php:185) in /home/vildacgg/vldn.in/portalv2/app/helpers/response.php on line 32
[11-Oct-2025 19:36:24 Europe/Istanbul] PHP Fatal error:  Uncaught Error: Class "Database" not found in /home/vildacgg/vldn.in/portalv2/public/index.php:86
Stack trace:
#0 {main}
  thrown in /home/vildacgg/vldn.in/portalv2/public/index.php on line 86
[11-Oct-2025 19:36:59 Europe/Istanbul] PHP Fatal error:  Uncaught Error: Class "Database" not found in /home/vildacgg/vldn.in/portalv2/public/index.php:86
Stack trace:
#0 {main}
  thrown in /home/vildacgg/vldn.in/portalv2/public/index.php on line 86
[11-Oct-2025 19:40:41 Europe/Istanbul] PHP Fatal error:  Uncaught Error: Undefined constant "Core\DB_HOST" in /home/vildacgg/vldn.in/portalv2/core/Database.php:27
Stack trace:
#0 /home/vildacgg/vldn.in/portalv2/core/Database.php(55): Core\Database->__construct()
#1 /home/vildacgg/vldn.in/portalv2/public/index.php(101): Core\Database::getInstance()
#2 {main}
  thrown in /home/vildacgg/vldn.in/portalv2/core/Database.php on line 27
[11-Oct-2025 20:47:43 Europe/Istanbul] PHP Fatal error:  Uncaught Error: Undefined constant "Core\DB_PORT" in /home/vildacgg/vldn.in/portalv2/core/Database.php:27
Stack trace:
#0 /home/vildacgg/vldn.in/portalv2/core/Database.php(55): Core\Database->__construct()
#1 /home/vildacgg/vldn.in/portalv2/public/index.php(112): Core\Database::getInstance()
#2 {main}
  thrown in /home/vildacgg/vldn.in/portalv2/core/Database.php on line 27
[11-Oct-2025 20:50:30 Europe/Istanbul] PHP Fatal error:  Uncaught Error: Undefined constant "Core\DB_PORT" in /home/vildacgg/vldn.in/portalv2/core/Database.php:27
Stack trace:
#0 /home/vildacgg/vldn.in/portalv2/core/Database.php(55): Core\Database->__construct()
#1 /home/vildacgg/vldn.in/portalv2/public/index.php(112): Core\Database::getInstance()
#2 {main}
  thrown in /home/vildacgg/vldn.in/portalv2/core/Database.php on line 27
[11-Oct-2025 20:50:32 Europe/Istanbul] PHP Fatal error:  Uncaught Error: Undefined constant "Core\DB_PORT" in /home/vildacgg/vldn.in/portalv2/core/Database.php:27
Stack trace:
#0 /home/vildacgg/vldn.in/portalv2/core/Database.php(55): Core\Database->__construct()
#1 /home/vildacgg/vldn.in/portalv2/public/index.php(112): Core\Database::getInstance()
#2 {main}
  thrown in /home/vildacgg/vldn.in/portalv2/core/Database.php on line 27
[11-Oct-2025 20:51:19 Europe/Istanbul] PHP Fatal error:  Uncaught Error: Undefined constant "Core\DB_NAME" in /home/vildacgg/vldn.in/portalv2/core/Database.php:27
Stack trace:
#0 /home/vildacgg/vldn.in/portalv2/core/Database.php(55): Core\Database->__construct()
#1 /home/vildacgg/vldn.in/portalv2/public/index.php(111): Core\Database::getInstance()
#2 {main}
  thrown in /home/vildacgg/vldn.in/portalv2/core/Database.php on line 27
[11-Oct-2025 20:54:46 Europe/Istanbul] PHP Fatal error:  Uncaught Error: Undefined constant "DB_NAME" in /home/vildacgg/vldn.in/portalv2/core/Database.php:28
Stack trace:
#0 /home/vildacgg/vldn.in/portalv2/core/Database.php(58): Core\Database->__construct()
#1 /home/vildacgg/vldn.in/portalv2/public/index.php(111): Core\Database::getInstance()
#2 {main}
  thrown in /home/vildacgg/vldn.in/portalv2/core/Database.php on line 28
[11-Oct-2025 20:54:51 Europe/Istanbul] PHP Fatal error:  Uncaught Error: Undefined constant "DB_NAME" in /home/vildacgg/vldn.in/portalv2/core/Database.php:28
Stack trace:
#0 /home/vildacgg/vldn.in/portalv2/core/Database.php(58): Core\Database->__construct()
#1 /home/vildacgg/vldn.in/portalv2/public/index.php(111): Core\Database::getInstance()
#2 {main}
  thrown in /home/vildacgg/vldn.in/portalv2/core/Database.php on line 28
[11-Oct-2025 20:55:50 Europe/Istanbul] PHP Fatal error:  Uncaught Error: Call to undefined method Core\CSRF::init() in /home/vildacgg/vldn.in/portalv2/public/index.php:133
Stack trace:
#0 {main}
  thrown in /home/vildacgg/vldn.in/portalv2/public/index.php on line 133
[11-Oct-2025 18:14:01 UTC] PHP Warning:  Constant CORE_PATH already defined in /home/vildacgg/vldn.in/portalv2/config/constants.php on line 15
